python test_playwright.py --type social --max-page 1
爬虫开始时间: 2025-08-22 00:01:20
开始爬取 social 类型职位...
爬取URL: https://jobs.bilibili.com/social/positions?isTrusted=true
sys.platform: linux
初始化浏览器...
页面标题: 哔哩哔哩-招聘
当前页面URL: https://jobs.bilibili.com/social/positions?isTrusted=true
找到 2 个展开按钮
找到工作地点展开按钮
找到字典分类 2 个层
✓ 职位类别找到: 10
✓ 职位地点找到: 10
找到字典数据: {'job_types': ['项目管理类', '游戏类', '技术类', '大职能类', '产品运营类', '设计类', '内容类', '文创类', '市场营销类', '运营保障类'], 'locations': ['上海', '北京', '广州', '南京', '成都', '武汉', '珠海市', '芜湖', '重庆', '首尔']}
获取到字典数据: {'job_types': ['项目管理类', '游戏类', '技术类', '大职能类', '产品运营类', '设计类', '内容类', '文创类', '市场营销类', '运营保障类'], 'locations': ['上海', '北京', '广州', '南京', '成都', '武汉', '珠海市', '芜湖', '重庆', '首尔']}
开始提取分页数据...
✓ 最大页码: 43
共 43 页职位数据
开始爬取第 1 页
开始提取第1/43页职位数据...
  - 选择器1结果数量: 10
✓ 找到 10 个职位卡片

--- 处理职位 10/10 1页 ---

✓ 获取列表职位基本信息: 电商策略产品运营
列表信息: {'title': '电商策略产品运营', 'location': '上海', 'category': '产品运营类', 'job_type': '全职', 'post_date': '2025-08-06 发布'}
✓ 准备点击职位标题电商策略产品运营
✓ 找到职位详情页: https://jobs.bilibili.com/social/positions/24323

=== 开始获取职位详情: https://jobs.bilibili.com/social/positions/24323 ===
✓ 页面DOM内容已加载
✓ 职位标题元素已加载
✓ 确认动态加载完成
✓ 找到职位内容容器
=== 职位详情获取完成 ===
✓ 已关闭详情页面
{'position_id': '24323', 'position_url': 'https://jobs.bilibili.com/social/positions/24323', 'title': '电商策略产品运营', 'location': '上海', 'category': '全职', 'job_type': '产品运营类', 'post_date': '2025-08-06 发布', 'position_content': '职位描述\n\n工作职责:\n1.基于商家成长生命全周期，深入理解招商入驻-商品运营-店铺经营等商家经营全链路视角，制定运营流程，为商家动销成长负责；\n2.对商家经营、平台流量、经营场域等进行数据分析，对商家经营行为进行洞察和探索，找到适合B站生态的商家经营方法论；\n3.负责精细化商品运营和商品成长策略，通过分行业选品规则和流量策略，协同资源侧打造适合B站生态的心智商品；\n4.协同产品团队，结合数据分析、流程标准化、制定运营规则等方式，优化产品功能，达成整体业务告诉增长；\n5.跨团队协作能力，有较强的业务判断能力和协同能力，高效配合并推动事项落地。\n工作要求:\n1. 3年以上互联网电商经验，有商家策略、流量策略等相关经验者优先；\n2.具备较强的数据分析能力与良好的思维逻辑能力，善于用数据论证与界定问题，推进问题解决；\n3.较强的业务sense和洞察力；\n4.自我驱动性强，以结果为导向；\n5.执行力强，且有较强的逻辑性和跨团队沟通协调能力。\n\n投递简历'}
✓ 已添加职位数据: 电商策略产品运营
✓ 第 1 页处理完成，累计收集 10 个职位数据
✓ 等待 1.23 秒后继续下一页
已达最大抓取页数(1)，提前结束。

✓ 抓取完成，总收集到 10 个职位数据
✓ 数据已保存到: /localdata/www/niuqi/bgshell/spider/bilibili/data/bilibili_social_20250822_00232.json
✓ 共保存 10 条职位数据
✓ 已执行垃圾回收

=== 爬取报告 ===
开始时间: 2025-08-22 00:01:20
总页数: 43
实际爬取页数: 2
收集职位总数: 10
是否成功: True
完成时间: 2025-08-22 00:02:32